Analysis & Synthesis report for teclado
Fri Jun  3 21:51:06 2022
Quartus Prime Version 21.1.0 Build 842 10/21/2021 SJ Lite Edition


---------------------
; Table of Contents ;
---------------------
  1. Legal Notice
  2. Analysis & Synthesis Summary
  3. Analysis & Synthesis Settings
  4. Parallel Compilation
  5. Analysis & Synthesis Source Files Read
  6. Analysis & Synthesis Resource Usage Summary
  7. Analysis & Synthesis Resource Utilization by Entity
  8. State Machine - |teclado|estado_ativo
  9. Registers Removed During Synthesis
 10. General Register Statistics
 11. Post-Synthesis Netlist Statistics for Top Partition
 12. Elapsed Time Per Partition
 13. Analysis & Synthesis Messages



----------------
; Legal Notice ;
----------------
Copyright (C) 2021  Intel Corporation. All rights reserved.
Your use of Intel Corporation's design tools, logic functions 
and other software and tools, and any partner logic 
functions, and any output files from any of the foregoing 
(including device programming or simulation files), and any 
associated documentation or information are expressly subject 
to the terms and conditions of the Intel Program License 
Subscription Agreement, the Intel Quartus Prime License Agreement,
the Intel FPGA IP License Agreement, or other applicable license
agreement, including, without limitation, that your use is for
the sole purpose of programming logic devices manufactured by
Intel and sold by Intel or its authorized distributors.  Please
refer to the applicable agreement for further details, at
https://fpgasoftware.intel.com/eula.



+----------------------------------------------------------------------------------+
; Analysis & Synthesis Summary                                                     ;
+------------------------------------+---------------------------------------------+
; Analysis & Synthesis Status        ; Successful - Fri Jun  3 21:51:06 2022       ;
; Quartus Prime Version              ; 21.1.0 Build 842 10/21/2021 SJ Lite Edition ;
; Revision Name                      ; teclado                                     ;
; Top-level Entity Name              ; teclado                                     ;
; Family                             ; Cyclone IV E                                ;
; Total logic elements               ; 0                                           ;
;     Total combinational functions  ; 0                                           ;
;     Dedicated logic registers      ; 0                                           ;
; Total registers                    ; 0                                           ;
; Total pins                         ; 14                                          ;
; Total virtual pins                 ; 0                                           ;
; Total memory bits                  ; 0                                           ;
; Embedded Multiplier 9-bit elements ; 0                                           ;
; Total PLLs                         ; 0                                           ;
+------------------------------------+---------------------------------------------+


+------------------------------------------------------------------------------------------------------------+
; Analysis & Synthesis Settings                                                                              ;
+------------------------------------------------------------------+--------------------+--------------------+
; Option                                                           ; Setting            ; Default Value      ;
+------------------------------------------------------------------+--------------------+--------------------+
; Device                                                           ; EP4CE6E22C8        ;                    ;
; Top-level entity name                                            ; teclado            ; teclado            ;
; Family name                                                      ; Cyclone IV E       ; Cyclone V          ;
; Use smart compilation                                            ; Off                ; Off                ;
; Enable parallel Assembler and Timing Analyzer during compilation ; On                 ; On                 ;
; Enable compact report table                                      ; Off                ; Off                ;
; Restructure Multiplexers                                         ; Auto               ; Auto               ;
; Create Debugging Nodes for IP Cores                              ; Off                ; Off                ;
; Preserve fewer node names                                        ; On                 ; On                 ;
; Intel FPGA IP Evaluation Mode                                    ; Enable             ; Enable             ;
; Verilog Version                                                  ; Verilog_2001       ; Verilog_2001       ;
; VHDL Version                                                     ; VHDL_1993          ; VHDL_1993          ;
; State Machine Processing                                         ; Auto               ; Auto               ;
; Safe State Machine                                               ; Off                ; Off                ;
; Extract Verilog State Machines                                   ; On                 ; On                 ;
; Extract VHDL State Machines                                      ; On                 ; On                 ;
; Ignore Verilog initial constructs                                ; Off                ; Off                ;
; Iteration limit for constant Verilog loops                       ; 5000               ; 5000               ;
; Iteration limit for non-constant Verilog loops                   ; 250                ; 250                ;
; Add Pass-Through Logic to Inferred RAMs                          ; On                 ; On                 ;
; Infer RAMs from Raw Logic                                        ; On                 ; On                 ;
; Parallel Synthesis                                               ; On                 ; On                 ;
; DSP Block Balancing                                              ; Auto               ; Auto               ;
; NOT Gate Push-Back                                               ; On                 ; On                 ;
; Power-Up Don't Care                                              ; On                 ; On                 ;
; Remove Redundant Logic Cells                                     ; Off                ; Off                ;
; Remove Duplicate Registers                                       ; On                 ; On                 ;
; Ignore CARRY Buffers                                             ; Off                ; Off                ;
; Ignore CASCADE Buffers                                           ; Off                ; Off                ;
; Ignore GLOBAL Buffers                                            ; Off                ; Off                ;
; Ignore ROW GLOBAL Buffers                                        ; Off                ; Off                ;
; Ignore LCELL Buffers                                             ; Off                ; Off                ;
; Ignore SOFT Buffers                                              ; On                 ; On                 ;
; Limit AHDL Integers to 32 Bits                                   ; Off                ; Off                ;
; Optimization Technique                                           ; Balanced           ; Balanced           ;
; Carry Chain Length                                               ; 70                 ; 70                 ;
; Auto Carry Chains                                                ; On                 ; On                 ;
; Auto Open-Drain Pins                                             ; On                 ; On                 ;
; Perform WYSIWYG Primitive Resynthesis                            ; Off                ; Off                ;
; Auto ROM Replacement                                             ; On                 ; On                 ;
; Auto RAM Replacement                                             ; On                 ; On                 ;
; Auto DSP Block Replacement                                       ; On                 ; On                 ;
; Auto Shift Register Replacement                                  ; Auto               ; Auto               ;
; Allow Shift Register Merging across Hierarchies                  ; Auto               ; Auto               ;
; Auto Clock Enable Replacement                                    ; On                 ; On                 ;
; Strict RAM Replacement                                           ; Off                ; Off                ;
; Allow Synchronous Control Signals                                ; On                 ; On                 ;
; Force Use of Synchronous Clear Signals                           ; Off                ; Off                ;
; Auto RAM Block Balancing                                         ; On                 ; On                 ;
; Auto RAM to Logic Cell Conversion                                ; Off                ; Off                ;
; Auto Resource Sharing                                            ; Off                ; Off                ;
; Allow Any RAM Size For Recognition                               ; Off                ; Off                ;
; Allow Any ROM Size For Recognition                               ; Off                ; Off                ;
; Allow Any Shift Register Size For Recognition                    ; Off                ; Off                ;
; Use LogicLock Constraints during Resource Balancing              ; On                 ; On                 ;
; Ignore translate_off and synthesis_off directives                ; Off                ; Off                ;
; Timing-Driven Synthesis                                          ; On                 ; On                 ;
; Report Parameter Settings                                        ; On                 ; On                 ;
; Report Source Assignments                                        ; On                 ; On                 ;
; Report Connectivity Checks                                       ; On                 ; On                 ;
; Ignore Maximum Fan-Out Assignments                               ; Off                ; Off                ;
; Synchronization Register Chain Length                            ; 2                  ; 2                  ;
; Power Optimization During Synthesis                              ; Normal compilation ; Normal compilation ;
; HDL message level                                                ; Level2             ; Level2             ;
; Suppress Register Optimization Related Messages                  ; Off                ; Off                ;
; Number of Removed Registers Reported in Synthesis Report         ; 5000               ; 5000               ;
; Number of Swept Nodes Reported in Synthesis Report               ; 5000               ; 5000               ;
; Number of Inverted Registers Reported in Synthesis Report        ; 100                ; 100                ;
; Clock MUX Protection                                             ; On                 ; On                 ;
; Auto Gated Clock Conversion                                      ; Off                ; Off                ;
; Block Design Naming                                              ; Auto               ; Auto               ;
; SDC constraint protection                                        ; Off                ; Off                ;
; Synthesis Effort                                                 ; Auto               ; Auto               ;
; Shift Register Replacement - Allow Asynchronous Clear Signal     ; On                 ; On                 ;
; Pre-Mapping Resynthesis Optimization                             ; Off                ; Off                ;
; Analysis & Synthesis Message Level                               ; Medium             ; Medium             ;
; Disable Register Merging Across Hierarchies                      ; Auto               ; Auto               ;
; Resource Aware Inference For Block RAM                           ; On                 ; On                 ;
+------------------------------------------------------------------+--------------------+--------------------+


+------------------------------------------+
; Parallel Compilation                     ;
+----------------------------+-------------+
; Processors                 ; Number      ;
+----------------------------+-------------+
; Number detected on machine ; 8           ;
; Maximum allowed            ; 4           ;
;                            ;             ;
; Average used               ; 1.00        ;
; Maximum used               ; 1           ;
;                            ;             ;
; Usage by Processor         ; % Time Used ;
;     Processor 1            ; 100.0%      ;
+----------------------------+-------------+


+--------------------------------------------------------------------------------------------------------------------------------------+
; Analysis & Synthesis Source Files Read                                                                                               ;
+----------------------------------+-----------------+-----------------+-----------------------------------------------------+---------+
; File Name with User-Entered Path ; Used in Netlist ; File Type       ; File Name with Absolute Path                        ; Library ;
+----------------------------------+-----------------+-----------------+-----------------------------------------------------+---------+
; teclado.vhd                      ; yes             ; User VHDL File  ; C:/Users/greic/Desktop/Projeto_VLSI/src/teclado.vhd ;         ;
+----------------------------------+-----------------+-----------------+-----------------------------------------------------+---------+


+--------------------------------------------------------+
; Analysis & Synthesis Resource Usage Summary            ;
+---------------------------------------------+----------+
; Resource                                    ; Usage    ;
+---------------------------------------------+----------+
;                                             ;          ;
; Total combinational functions               ; 0        ;
; Logic element usage by number of LUT inputs ;          ;
;     -- 4 input functions                    ; 0        ;
;     -- 3 input functions                    ; 0        ;
;     -- <=2 input functions                  ; 0        ;
;                                             ;          ;
; Logic elements by mode                      ;          ;
;     -- normal mode                          ; 0        ;
;     -- arithmetic mode                      ; 0        ;
;                                             ;          ;
; Total registers                             ; 0        ;
;     -- Dedicated logic registers            ; 0        ;
;     -- I/O registers                        ; 0        ;
;                                             ;          ;
; I/O pins                                    ; 14       ;
;                                             ;          ;
; Embedded Multiplier 9-bit elements          ; 0        ;
;                                             ;          ;
; Maximum fan-out node                        ; E~output ;
; Maximum fan-out                             ; 1        ;
; Total fan-out                               ; 14       ;
; Average fan-out                             ; 0.50     ;
+---------------------------------------------+----------+


+----------------------------------------------------------------------------------------------------------------------------------------------------------------------------------------------------------+
; Analysis & Synthesis Resource Utilization by Entity                                                                                                                                                      ;
+----------------------------+---------------------+---------------------------+-------------+--------------+---------+-----------+------+--------------+---------------------+-------------+--------------+
; Compilation Hierarchy Node ; Combinational ALUTs ; Dedicated Logic Registers ; Memory Bits ; DSP Elements ; DSP 9x9 ; DSP 18x18 ; Pins ; Virtual Pins ; Full Hierarchy Name ; Entity Name ; Library Name ;
+----------------------------+---------------------+---------------------------+-------------+--------------+---------+-----------+------+--------------+---------------------+-------------+--------------+
; |teclado                   ; 0 (0)               ; 0 (0)                     ; 0           ; 0            ; 0       ; 0         ; 14   ; 0            ; |teclado            ; teclado     ; work         ;
+----------------------------+---------------------+---------------------------+-------------+--------------+---------+-----------+------+--------------+---------------------+-------------+--------------+
Note: For table entries with two numbers listed, the numbers in parentheses indicate the number of resources of the given type used by the specific entity alone. The numbers listed outside of parentheses indicate the total resources of the given type used by the specific entity and all of its sub-entities in the hierarchy.


Encoding Type:  One-Hot
+-------------------------------------------------------------------------------------------------------------------------------------------------------+
; State Machine - |teclado|estado_ativo                                                                                                                 ;
+-----------------------------+----------------------+----------------------+----------------------+----------------------+-----------------------------+
; Name                        ; estado_ativo.ATIVA_H ; estado_ativo.ATIVA_G ; estado_ativo.ATIVA_F ; estado_ativo.ATIVA_E ; estado_ativo.ESPERA_COLUNAS ;
+-----------------------------+----------------------+----------------------+----------------------+----------------------+-----------------------------+
; estado_ativo.ESPERA_COLUNAS ; 0                    ; 0                    ; 0                    ; 0                    ; 0                           ;
; estado_ativo.ATIVA_E        ; 0                    ; 0                    ; 0                    ; 1                    ; 1                           ;
; estado_ativo.ATIVA_F        ; 0                    ; 0                    ; 1                    ; 0                    ; 1                           ;
; estado_ativo.ATIVA_G        ; 0                    ; 1                    ; 0                    ; 0                    ; 1                           ;
; estado_ativo.ATIVA_H        ; 1                    ; 0                    ; 0                    ; 0                    ; 1                           ;
+-----------------------------+----------------------+----------------------+----------------------+----------------------+-----------------------------+


+---------------------------------------------------------------------------------+
; Registers Removed During Synthesis                                              ;
+----------------------------------------+----------------------------------------+
; Register name                          ; Reason for Removal                     ;
+----------------------------------------+----------------------------------------+
; TECLA_OUT[2]~reg0                      ; Merged with TECLA_OUT[3]~reg0          ;
; TECLA_OUT[0]~reg0                      ; Merged with TECLA_OUT[3]~reg0          ;
; TECLA_OUT[1]~reg0                      ; Merged with TECLA_OUT[3]~reg0          ;
; TECLA_OUT[3]~reg0                      ; Stuck at GND due to stuck port data_in ;
; col_state[0..3]                        ; Lost fanout                            ;
; col_prev[0..3]                         ; Lost fanout                            ;
; estado_ativo.ESPERA_COLUNAS            ; Lost fanout                            ;
; estado_ativo.ATIVA_E                   ; Lost fanout                            ;
; estado_ativo.ATIVA_F                   ; Lost fanout                            ;
; estado_ativo.ATIVA_G                   ; Lost fanout                            ;
; estado_ativo.ATIVA_H                   ; Lost fanout                            ;
; Total Number of Removed Registers = 17 ;                                        ;
+----------------------------------------+----------------------------------------+


+------------------------------------------------------+
; General Register Statistics                          ;
+----------------------------------------------+-------+
; Statistic                                    ; Value ;
+----------------------------------------------+-------+
; Total registers                              ; 0     ;
; Number of registers using Synchronous Clear  ; 0     ;
; Number of registers using Synchronous Load   ; 0     ;
; Number of registers using Asynchronous Clear ; 0     ;
; Number of registers using Asynchronous Load  ; 0     ;
; Number of registers using Clock Enable       ; 0     ;
; Number of registers using Preset             ; 0     ;
+----------------------------------------------+-------+


+-----------------------------------------------------+
; Post-Synthesis Netlist Statistics for Top Partition ;
+-----------------------+-----------------------------+
; Type                  ; Count                       ;
+-----------------------+-----------------------------+
; boundary_port         ; 14                          ;
; cycloneiii_lcell_comb ; 2                           ;
;     normal            ; 2                           ;
;         0 data inputs ; 2                           ;
;                       ;                             ;
; Max LUT depth         ; 0.00                        ;
; Average LUT depth     ; 0.00                        ;
+-----------------------+-----------------------------+


+-------------------------------+
; Elapsed Time Per Partition    ;
+----------------+--------------+
; Partition Name ; Elapsed Time ;
+----------------+--------------+
; Top            ; 00:00:00     ;
+----------------+--------------+


+-------------------------------+
; Analysis & Synthesis Messages ;
+-------------------------------+
Info: *******************************************************************
Info: Running Quartus Prime Analysis & Synthesis
    Info: Version 21.1.0 Build 842 10/21/2021 SJ Lite Edition
    Info: Processing started: Fri Jun  3 21:50:52 2022
Info: Command: quartus_map --read_settings_files=on --write_settings_files=off teclado -c teclado
Warning (18236): Number of processors has not been specified which may cause overloading on shared machines.  Set the global assignment NUM_PARALLEL_PROCESSORS in your QSF to an appropriate value for best performance.
Info (20030): Parallel compilation is enabled and will use 4 of the 4 processors detected
Info (12021): Found 2 design units, including 1 entities, in source file teclado.vhd
    Info (12022): Found design unit 1: teclado-rtl File: C:/Users/greic/Desktop/Projeto_VLSI/src/teclado.vhd Line: 24
    Info (12023): Found entity 1: teclado File: C:/Users/greic/Desktop/Projeto_VLSI/src/teclado.vhd Line: 12
Info (12127): Elaborating entity "teclado" for the top level hierarchy
Warning (10631): VHDL Process Statement warning at teclado.vhd(38): inferring latch(es) for signal or variable "E", which holds its previous value in one or more paths through the process File: C:/Users/greic/Desktop/Projeto_VLSI/src/teclado.vhd Line: 38
Warning (10631): VHDL Process Statement warning at teclado.vhd(38): inferring latch(es) for signal or variable "F", which holds its previous value in one or more paths through the process File: C:/Users/greic/Desktop/Projeto_VLSI/src/teclado.vhd Line: 38
Warning (10631): VHDL Process Statement warning at teclado.vhd(38): inferring latch(es) for signal or variable "G", which holds its previous value in one or more paths through the process File: C:/Users/greic/Desktop/Projeto_VLSI/src/teclado.vhd Line: 38
Warning (10631): VHDL Process Statement warning at teclado.vhd(38): inferring latch(es) for signal or variable "H", which holds its previous value in one or more paths through the process File: C:/Users/greic/Desktop/Projeto_VLSI/src/teclado.vhd Line: 38
Warning (10492): VHDL Process Statement warning at teclado.vhd(75): signal "col_prev" is read inside the Process Statement but isn't in the Process Statement's sensitivity list File: C:/Users/greic/Desktop/Projeto_VLSI/src/teclado.vhd Line: 75
Warning (10492): VHDL Process Statement warning at teclado.vhd(78): signal "col_prev" is read inside the Process Statement but isn't in the Process Statement's sensitivity list File: C:/Users/greic/Desktop/Projeto_VLSI/src/teclado.vhd Line: 78
Warning (10492): VHDL Process Statement warning at teclado.vhd(81): signal "col_prev" is read inside the Process Statement but isn't in the Process Statement's sensitivity list File: C:/Users/greic/Desktop/Projeto_VLSI/src/teclado.vhd Line: 81
Warning (10492): VHDL Process Statement warning at teclado.vhd(84): signal "col_prev" is read inside the Process Statement but isn't in the Process Statement's sensitivity list File: C:/Users/greic/Desktop/Projeto_VLSI/src/teclado.vhd Line: 84
Warning (10492): VHDL Process Statement warning at teclado.vhd(92): signal "col_prev" is read inside the Process Statement but isn't in the Process Statement's sensitivity list File: C:/Users/greic/Desktop/Projeto_VLSI/src/teclado.vhd Line: 92
Warning (10492): VHDL Process Statement warning at teclado.vhd(95): signal "col_prev" is read inside the Process Statement but isn't in the Process Statement's sensitivity list File: C:/Users/greic/Desktop/Projeto_VLSI/src/teclado.vhd Line: 95
Warning (10492): VHDL Process Statement warning at teclado.vhd(98): signal "col_prev" is read inside the Process Statement but isn't in the Process Statement's sensitivity list File: C:/Users/greic/Desktop/Projeto_VLSI/src/teclado.vhd Line: 98
Warning (10492): VHDL Process Statement warning at teclado.vhd(101): signal "col_prev" is read inside the Process Statement but isn't in the Process Statement's sensitivity list File: C:/Users/greic/Desktop/Projeto_VLSI/src/teclado.vhd Line: 101
Warning (10492): VHDL Process Statement warning at teclado.vhd(108): signal "col_prev" is read inside the Process Statement but isn't in the Process Statement's sensitivity list File: C:/Users/greic/Desktop/Projeto_VLSI/src/teclado.vhd Line: 108
Warning (10492): VHDL Process Statement warning at teclado.vhd(111): signal "col_prev" is read inside the Process Statement but isn't in the Process Statement's sensitivity list File: C:/Users/greic/Desktop/Projeto_VLSI/src/teclado.vhd Line: 111
Warning (10492): VHDL Process Statement warning at teclado.vhd(114): signal "col_prev" is read inside the Process Statement but isn't in the Process Statement's sensitivity list File: C:/Users/greic/Desktop/Projeto_VLSI/src/teclado.vhd Line: 114
Warning (10492): VHDL Process Statement warning at teclado.vhd(117): signal "col_prev" is read inside the Process Statement but isn't in the Process Statement's sensitivity list File: C:/Users/greic/Desktop/Projeto_VLSI/src/teclado.vhd Line: 117
Warning (10492): VHDL Process Statement warning at teclado.vhd(126): signal "col_prev" is read inside the Process Statement but isn't in the Process Statement's sensitivity list File: C:/Users/greic/Desktop/Projeto_VLSI/src/teclado.vhd Line: 126
Warning (10492): VHDL Process Statement warning at teclado.vhd(129): signal "col_prev" is read inside the Process Statement but isn't in the Process Statement's sensitivity list File: C:/Users/greic/Desktop/Projeto_VLSI/src/teclado.vhd Line: 129
Warning (10492): VHDL Process Statement warning at teclado.vhd(132): signal "col_prev" is read inside the Process Statement but isn't in the Process Statement's sensitivity list File: C:/Users/greic/Desktop/Projeto_VLSI/src/teclado.vhd Line: 132
Warning (10492): VHDL Process Statement warning at teclado.vhd(135): signal "col_prev" is read inside the Process Statement but isn't in the Process Statement's sensitivity list File: C:/Users/greic/Desktop/Projeto_VLSI/src/teclado.vhd Line: 135
Warning (10631): VHDL Process Statement warning at teclado.vhd(61): inferring latch(es) for signal or variable "estado_proximo", which holds its previous value in one or more paths through the process File: C:/Users/greic/Desktop/Projeto_VLSI/src/teclado.vhd Line: 61
Warning (10631): VHDL Process Statement warning at teclado.vhd(61): inferring latch(es) for signal or variable "tecla", which holds its previous value in one or more paths through the process File: C:/Users/greic/Desktop/Projeto_VLSI/src/teclado.vhd Line: 61
Info (10041): Inferred latch for "estado_proximo.ATIVA_H" at teclado.vhd(61) File: C:/Users/greic/Desktop/Projeto_VLSI/src/teclado.vhd Line: 61
Info (10041): Inferred latch for "estado_proximo.ATIVA_G" at teclado.vhd(61) File: C:/Users/greic/Desktop/Projeto_VLSI/src/teclado.vhd Line: 61
Info (10041): Inferred latch for "estado_proximo.ATIVA_F" at teclado.vhd(61) File: C:/Users/greic/Desktop/Projeto_VLSI/src/teclado.vhd Line: 61
Info (10041): Inferred latch for "estado_proximo.ATIVA_E" at teclado.vhd(61) File: C:/Users/greic/Desktop/Projeto_VLSI/src/teclado.vhd Line: 61
Info (10041): Inferred latch for "estado_proximo.ESPERA_COLUNAS" at teclado.vhd(61) File: C:/Users/greic/Desktop/Projeto_VLSI/src/teclado.vhd Line: 61
Info (10041): Inferred latch for "H" at teclado.vhd(38) File: C:/Users/greic/Desktop/Projeto_VLSI/src/teclado.vhd Line: 38
Info (10041): Inferred latch for "G" at teclado.vhd(38) File: C:/Users/greic/Desktop/Projeto_VLSI/src/teclado.vhd Line: 38
Info (10041): Inferred latch for "F" at teclado.vhd(38) File: C:/Users/greic/Desktop/Projeto_VLSI/src/teclado.vhd Line: 38
Info (10041): Inferred latch for "E" at teclado.vhd(38) File: C:/Users/greic/Desktop/Projeto_VLSI/src/teclado.vhd Line: 38
Warning (13024): Output pins are stuck at VCC or GND
    Warning (13410): Pin "E" is stuck at VCC File: C:/Users/greic/Desktop/Projeto_VLSI/src/teclado.vhd Line: 18
    Warning (13410): Pin "F" is stuck at VCC File: C:/Users/greic/Desktop/Projeto_VLSI/src/teclado.vhd Line: 18
    Warning (13410): Pin "G" is stuck at VCC File: C:/Users/greic/Desktop/Projeto_VLSI/src/teclado.vhd Line: 18
    Warning (13410): Pin "H" is stuck at VCC File: C:/Users/greic/Desktop/Projeto_VLSI/src/teclado.vhd Line: 18
    Warning (13410): Pin "TECLA_OUT[0]" is stuck at GND File: C:/Users/greic/Desktop/Projeto_VLSI/src/teclado.vhd Line: 40
    Warning (13410): Pin "TECLA_OUT[1]" is stuck at GND File: C:/Users/greic/Desktop/Projeto_VLSI/src/teclado.vhd Line: 40
    Warning (13410): Pin "TECLA_OUT[2]" is stuck at GND File: C:/Users/greic/Desktop/Projeto_VLSI/src/teclado.vhd Line: 40
    Warning (13410): Pin "TECLA_OUT[3]" is stuck at GND File: C:/Users/greic/Desktop/Projeto_VLSI/src/teclado.vhd Line: 40
Info (17049): 13 registers lost all their fanouts during netlist optimizations.
Info (16010): Generating hard_block partition "hard_block:auto_generated_inst"
    Info (16011): Adding 0 node(s), including 0 DDIO, 0 PLL, 0 transceiver and 0 LCELL
Warning (21074): Design contains 6 input pin(s) that do not drive logic
    Warning (15610): No output dependent on input pin "CLOCK" File: C:/Users/greic/Desktop/Projeto_VLSI/src/teclado.vhd Line: 14
    Warning (15610): No output dependent on input pin "reset" File: C:/Users/greic/Desktop/Projeto_VLSI/src/teclado.vhd Line: 15
    Warning (15610): No output dependent on input pin "A" File: C:/Users/greic/Desktop/Projeto_VLSI/src/teclado.vhd Line: 17
    Warning (15610): No output dependent on input pin "B" File: C:/Users/greic/Desktop/Projeto_VLSI/src/teclado.vhd Line: 17
    Warning (15610): No output dependent on input pin "C" File: C:/Users/greic/Desktop/Projeto_VLSI/src/teclado.vhd Line: 17
    Warning (15610): No output dependent on input pin "D" File: C:/Users/greic/Desktop/Projeto_VLSI/src/teclado.vhd Line: 17
Info (21057): Implemented 14 device resources after synthesis - the final resource count might be different
    Info (21058): Implemented 6 input pins
    Info (21059): Implemented 8 output pins
Info: Quartus Prime Analysis & Synthesis was successful. 0 errors, 39 warnings
    Info: Peak virtual memory: 4800 megabytes
    Info: Processing ended: Fri Jun  3 21:51:06 2022
    Info: Elapsed time: 00:00:14
    Info: Total CPU time (on all processors): 00:00:22


